  prob4.cpp
C:\Users\Andrei\Desktop\itschool\Homework\7_29_2024\prob4\prob4\prob4.cpp(64,21): error C2259: 'Shape': cannot instantiate abstract class
  C:\Users\Andrei\Desktop\itschool\Homework\7_29_2024\prob4\prob4\prob4.cpp(9,7):
  see declaration of 'Shape'
  C:\Users\Andrei\Desktop\itschool\Homework\7_29_2024\prob4\prob4\prob4.cpp(64,21):
  due to following members:
  C:\Users\Andrei\Desktop\itschool\Homework\7_29_2024\prob4\prob4\prob4.cpp(64,21):
  'double Shape::area(void)': is abstract
  C:\Users\Andrei\Desktop\itschool\Homework\7_29_2024\prob4\prob4\prob4.cpp(11,17):
  see declaration of 'Shape::area'
  C:\Users\Andrei\Desktop\itschool\Homework\7_29_2024\prob4\prob4\prob4.cpp(64,21):
  'std::string Shape::name(void)': is abstract
  C:\Users\Andrei\Desktop\itschool\Homework\7_29_2024\prob4\prob4\prob4.cpp(12,17):
  see declaration of 'Shape::name'
  
C:\Users\Andrei\Desktop\itschool\Homework\7_29_2024\prob4\prob4\prob4.cpp(65,17): warning C4244: '+=': conversion from 'double' to 'int', possible loss of data
C:\Program Files\Microsoft Visual Studio\2022\Community\VC\Tools\MSVC\14.39.33519\include\xmemory(930,20): error C2338: static_assert failed: 'The C++ Standard forbids allocators for reference elements because of [allocator.requirements].'
  (compiling source file 'prob4.cpp')
  C:\Program Files\Microsoft Visual Studio\2022\Community\VC\Tools\MSVC\14.39.33519\include\xmemory(930,20):
  the template instantiation context (the oldest one first) is
  	C:\Users\Andrei\Desktop\itschool\Homework\7_29_2024\prob4\prob4\prob4.cpp(77,60):
  	see reference to class template instantiation 'std::vector<Shape &,std::allocator<Shape &>>' being compiled
  	C:\Program Files\Microsoft Visual Studio\2022\Community\VC\Tools\MSVC\14.39.33519\include\vector(442,26):
  	see reference to alias template instantiation 'std::_Rebind_alloc_t<_Alloc,_Ty>' being compiled
          with
          [
              _Alloc=std::allocator<Shape &>,
              _Ty=Shape &
          ]
  	C:\Program Files\Microsoft Visual Studio\2022\Community\VC\Tools\MSVC\14.39.33519\include\xmemory(774,69):
  	see reference to class template instantiation 'std::allocator_traits<_Alloc>' being compiled
          with
          [
              _Alloc=std::allocator<Shape &>
          ]
  	C:\Program Files\Microsoft Visual Studio\2022\Community\VC\Tools\MSVC\14.39.33519\include\xmemory(750,27):
  	see reference to class template instantiation 'std::_Default_allocator_traits<_Alloc>' being compiled
          with
          [
              _Alloc=std::allocator<Shape &>
          ]
  	C:\Program Files\Microsoft Visual Studio\2022\Community\VC\Tools\MSVC\14.39.33519\include\xmemory(653,45):
  	see reference to class template instantiation 'std::allocator<Shape &>' being compiled
  
C:\Program Files\Microsoft Visual Studio\2022\Community\VC\Tools\MSVC\14.39.33519\include\xmemory(938,69): error C2528: 'abstract declarator': you cannot create a pointer to a reference
  (compiling source file 'prob4.cpp')
  
C:\Program Files\Microsoft Visual Studio\2022\Community\VC\Tools\MSVC\14.39.33519\include\xmemory(939,75): error C2528: 'abstract declarator': you cannot create a pointer to a reference
  (compiling source file 'prob4.cpp')
  
C:\Program Files\Microsoft Visual Studio\2022\Community\VC\Tools\MSVC\14.39.33519\include\xmemory(957,60): error C2528: 'address': you cannot create a pointer to a reference
  (compiling source file 'prob4.cpp')
  
C:\Program Files\Microsoft Visual Studio\2022\Community\VC\Tools\MSVC\14.39.33519\include\xmemory(961,66): error C2528: 'address': you cannot create a pointer to a reference
  (compiling source file 'prob4.cpp')
  
C:\Program Files\Microsoft Visual Studio\2022\Community\VC\Tools\MSVC\14.39.33519\include\xmemory(974,45): error C2528: '_Ptr': you cannot create a pointer to a reference
  (compiling source file 'prob4.cpp')
  
C:\Program Files\Microsoft Visual Studio\2022\Community\VC\Tools\MSVC\14.39.33519\include\xmemory(980,70): error C2528: 'allocate': you cannot create a pointer to a reference
  (compiling source file 'prob4.cpp')
  
C:\Program Files\Microsoft Visual Studio\2022\Community\VC\Tools\MSVC\14.39.33519\include\xmemory(993,96): error C2528: 'allocate': you cannot create a pointer to a reference
  (compiling source file 'prob4.cpp')
  
C:\Program Files\Microsoft Visual Studio\2022\Community\VC\Tools\MSVC\14.39.33519\include\xmemory(655,42): error C2528: 'abstract declarator': you cannot create a pointer to a reference
  (compiling source file 'prob4.cpp')
  
C:\Program Files\Microsoft Visual Studio\2022\Community\VC\Tools\MSVC\14.39.33519\include\xmemory(656,48): error C2528: 'abstract declarator': you cannot create a pointer to a reference
  (compiling source file 'prob4.cpp')
  
C:\Program Files\Microsoft Visual Studio\2022\Community\VC\Tools\MSVC\14.39.33519\include\xmemory(675,1): error C2528: '<template-parameter>': you cannot create a pointer to a reference
  (compiling source file 'prob4.cpp')
  
C:\Program Files\Microsoft Visual Studio\2022\Community\VC\Tools\MSVC\14.39.33519\include\xmemory(689,1): error C2528: '<template-parameter>': you cannot create a pointer to a reference
  (compiling source file 'prob4.cpp')
  
C:\Program Files\Microsoft Visual Studio\2022\Community\VC\Tools\MSVC\14.39.33519\include\vector(448,19): error C2338: static_assert failed: 'The C++ Standard forbids containers of non-object types because of [container.requirements].'
  (compiling source file 'prob4.cpp')
  
C:\Program Files\Microsoft Visual Studio\2022\Community\VC\Tools\MSVC\14.39.33519\include\xmemory(787,89): error C2528: 'abstract declarator': you cannot create a pointer to a reference
  (compiling source file 'prob4.cpp')
  C:\Program Files\Microsoft Visual Studio\2022\Community\VC\Tools\MSVC\14.39.33519\include\xmemory(787,89):
  the template instantiation context (the oldest one first) is
  	C:\Program Files\Microsoft Visual Studio\2022\Community\VC\Tools\MSVC\14.39.33519\include\vector(599,50):
  	see reference to variable template 'const bool _Is_simple_alloc_v<std::allocator<Shape &> >' being compiled
  
C:\Program Files\Microsoft Visual Studio\2022\Community\VC\Tools\MSVC\14.39.33519\include\xmemory(784,13): error C2528: '<template-parameter>': you cannot create a pointer to a reference
  (compiling source file 'prob4.cpp')
  
C:\Program Files\Microsoft Visual Studio\2022\Community\VC\Tools\MSVC\14.39.33519\include\xmemory(788,101): error C2528: 'abstract declarator': you cannot create a pointer to a reference
  (compiling source file 'prob4.cpp')
  
C:\Program Files\Microsoft Visual Studio\2022\Community\VC\Tools\MSVC\14.39.33519\include\vector(600,67): error C2528: '<template-parameter>': you cannot create a pointer to a reference
  (compiling source file 'prob4.cpp')
  
C:\Program Files\Microsoft Visual Studio\2022\Community\VC\Tools\MSVC\14.39.33519\include\vector(874,23): error C2535: 'void std::vector<Shape &,std::allocator<Shape &>>::push_back(_Ty)': member function already defined or declared
C:\Program Files\Microsoft Visual Studio\2022\Community\VC\Tools\MSVC\14.39.33519\include\vector(874,23): error C2535:         with
C:\Program Files\Microsoft Visual Studio\2022\Community\VC\Tools\MSVC\14.39.33519\include\vector(874,23): error C2535:         [
C:\Program Files\Microsoft Visual Studio\2022\Community\VC\Tools\MSVC\14.39.33519\include\vector(874,23): error C2535:             _Ty=Shape &
C:\Program Files\Microsoft Visual Studio\2022\Community\VC\Tools\MSVC\14.39.33519\include\vector(874,23): error C2535:         ]
  (compiling source file 'prob4.cpp')
  C:\Program Files\Microsoft Visual Studio\2022\Community\VC\Tools\MSVC\14.39.33519\include\vector(870,23):
  see declaration of 'std::vector<Shape &,std::allocator<Shape &>>::push_back'
  
C:\Program Files\Microsoft Visual Studio\2022\Community\VC\Tools\MSVC\14.39.33519\include\vector(1004,27): error C2535: 'std::_Vector_iterator<std::_Vector_val<std::_Simple_types<_Ty>>> std::vector<_Ty,std::allocator<_Ty>>::insert(std::_Vector_const_iterator<std::_Vector_val<std::_Simple_types<_Ty>>>,_Ty)': member function already defined or declared
C:\Program Files\Microsoft Visual Studio\2022\Community\VC\Tools\MSVC\14.39.33519\include\vector(1004,27): error C2535:         with
C:\Program Files\Microsoft Visual Studio\2022\Community\VC\Tools\MSVC\14.39.33519\include\vector(1004,27): error C2535:         [
C:\Program Files\Microsoft Visual Studio\2022\Community\VC\Tools\MSVC\14.39.33519\include\vector(1004,27): error C2535:             _Ty=Shape &
C:\Program Files\Microsoft Visual Studio\2022\Community\VC\Tools\MSVC\14.39.33519\include\vector(1004,27): error C2535:         ]
  (compiling source file 'prob4.cpp')
  C:\Program Files\Microsoft Visual Studio\2022\Community\VC\Tools\MSVC\14.39.33519\include\vector(1000,27):
  see declaration of 'std::vector<Shape &,std::allocator<Shape &>>::insert'
  
C:\Program Files\Microsoft Visual Studio\2022\Community\VC\Tools\MSVC\14.39.33519\include\vector(1794,34): error C2528: 'data': you cannot create a pointer to a reference
  (compiling source file 'prob4.cpp')
  
C:\Program Files\Microsoft Visual Studio\2022\Community\VC\Tools\MSVC\14.39.33519\include\vector(1798,40): error C2528: 'data': you cannot create a pointer to a reference
  (compiling source file 'prob4.cpp')
  
C:\Program Files\Microsoft Visual Studio\2022\Community\VC\Tools\MSVC\14.39.33519\include\xmemory(796,39): error C2528: 'abstract declarator': you cannot create a pointer to a reference
  (compiling source file 'prob4.cpp')
  C:\Program Files\Microsoft Visual Studio\2022\Community\VC\Tools\MSVC\14.39.33519\include\xmemory(796,39):
  the template instantiation context (the oldest one first) is
  	C:\Program Files\Microsoft Visual Studio\2022\Community\VC\Tools\MSVC\14.39.33519\include\vector(2206,41):
  	see reference to class template instantiation 'std::_Compressed_pair<std::allocator<Shape &>,std::_Vector_val<std::_Simple_types<_Ty>>,true>' being compiled
          with
          [
              _Ty=Shape &
          ]
  	C:\Program Files\Microsoft Visual Studio\2022\Community\VC\Tools\MSVC\14.39.33519\include\xmemory(1516,10):
  	see reference to class template instantiation 'std::_Vector_val<std::_Simple_types<_Ty>>' being compiled
          with
          [
              _Ty=Shape &
          ]
  	C:\Program Files\Microsoft Visual Studio\2022\Community\VC\Tools\MSVC\14.39.33519\include\vector(388,50):
  	see reference to class template instantiation 'std::_Simple_types<_Ty>' being compiled
          with
          [
              _Ty=Shape &
          ]
  
C:\Program Files\Microsoft Visual Studio\2022\Community\VC\Tools\MSVC\14.39.33519\include\xmemory(797,45): error C2528: 'abstract declarator': you cannot create a pointer to a reference
  (compiling source file 'prob4.cpp')
  
